<?xml version="1.0" encoding="UTF-8"?>
<!-- Generated by org.testng.reporters.JUnitReportReporter -->
<testsuite hostname="DESKTOP-7P2HJVH" failures="1" tests="3" name="com.anhtester.runners.TestRunnerSigninCRM" time="29.818" errors="0" timestamp="2025-06-15T01:17:26 PDT" skipped="0">
  <testcase classname="com.anhtester.runners.TestRunnerSigninCRM" name="runScenario" time="16.882"/>
  <testcase classname="com.anhtester.runners.TestRunnerSigninCRM" name="scenarios" time="0.033"/>
  <testcase classname="com.anhtester.runners.TestRunnerSigninCRM" name="runScenario" time="12.903">
    <failure message="The Dashboard page not display. expected [true] but found [false]" type="java.lang.AssertionError">
      <![CDATA[java.lang.AssertionError: The Dashboard page not display. expected [true] but found [false]
at org.testng.Assert.fail(Assert.java:111)
at org.testng.Assert.failNotEquals(Assert.java:1590)
at org.testng.Assert.assertTrue(Assert.java:57)
at com.anhtester.projects.website.crm.pages.SignIn.SignInPageCRM.verifySignInFail(SignInPageCRM.java:98)
at com.anhtester.projects.website.crm.stepdefinitions.LoginSteps.userLoginWithUsernameAndPasswordInvalid(LoginSteps.java:29)
at âœ½.User login with username "demo@example.com" and password "123456" invalid(file:///C:/Users/hp/Desktop/AutomationFrameworkCucumberTestNG/src/test/resources/features/SigninCRM.feature:15)
]]>
    </failure>
  </testcase> <!-- runScenario -->
</testsuite> <!-- com.anhtester.runners.TestRunnerSigninCRM -->
