<?xml version="1.0" encoding="UTF-8"?>
<!-- Generated by org.testng.reporters.JUnitReportReporter -->
<testsuite hostname="DESKTOP-7P2HJVH" failures="1" tests="1" name="com.siddharthtest.runners.TestRunnerCheckRequiredElements" time="94.125" errors="0" timestamp="2025-09-06T00:50:49 PDT" skipped="0">
  <testcase classname="com.siddharthtest.runners.TestRunnerCheckRequiredElements" name="runScenario" time="94.125">
    <failure message="expected [true] but found [false]" type="java.lang.AssertionError">
      <![CDATA[java.lang.AssertionError: expected [true] but found [false]
at org.testng.Assert.fail(Assert.java:111)
at org.testng.Assert.failNotEquals(Assert.java:1590)
at org.testng.Assert.assertTrue(Assert.java:57)
at org.testng.Assert.assertTrue(Assert.java:67)
at com.siddharthtest.stepDefinitions.CreateUserbyMandatoryfields_StepDefinitions.iVerifyThatAllTheRequiredElementsAreDisplayed(CreateUserbyMandatoryfields_StepDefinitions.java:77)
at âœ½.I verify that all the required elements are displayed(file:///C:/Users/hp/Desktop/siddharthTester_HRM-cucumber-testng/src/test/resources/featureFiles/CheckRequiredElements.feature:9)
]]>
    </failure>
  </testcase> <!-- runScenario -->
</testsuite> <!-- com.siddharthtest.runners.TestRunnerCheckRequiredElements -->
