<?xml version="1.0" encoding="UTF-8"?>
<!-- Generated by org.testng.reporters.JUnitReportReporter -->
<testsuite hostname="DESKTOP-7P2HJVH" failures="0" tests="1" name="com.siddharthtest.runners.TestRunnerAllFeatureByTag" time="4.719" errors="1" timestamp="2025-09-06T00:05:07 PDT" skipped="0">
  <testcase classname="com.siddharthtest.runners.TestRunnerAllFeatureByTag" name="setUpClass" time="4.719">
    <error message="Failed to parse resource at: file:///C:/Users/hp/Desktop/siddharthTester_HRM-cucumber-testng/src/test/resources/featureFiles/TestRunnerVerifyPassword.feature
(1:1): expected: #EOF, #Language, #TagLine, #FeatureLine, #Comment, #Empty, got &#039;package com.siddharthtest.runners;&#039;
(3:1): expected: #EOF, #Language, #TagLine, #FeatureLine, #Comment, #Empty, got &#039;import io.cucumber.testng.AbstractTestNGCucumberTests;&#039;
(4:1): expected: #EOF, #Language, #TagLine, #FeatureLine, #Comment, #Empty, got &#039;import io.cucumber.testng.CucumberOptions;&#039;
(5:1): expected: #EOF, #Language, #TagLine, #FeatureLine, #Comment, #Empty, got &#039;import org.testng.annotations.DataProvider;&#039;
(6:1): expected: #EOF, #Language, #TagLine, #FeatureLine, #Comment, #Empty, got &#039;import org.testng.annotations.Test;&#039;
(10:9): expected: #TagLine, #FeatureLine, #Comment, #Empty, got &#039;features = &quot;src/test/resources/featureFiles/TestRunnerVerifyPassword.feature&quot;,&#039;
(11:9): expected: #TagLine, #FeatureLine, #Comment, #Empty, got &#039;glue = {&#039;
(12:17): expected: #TagLine, #FeatureLine, #Comment, #Empty, got &#039;&quot;com.siddharthtest.stepDefinitions&quot;,&#039;
(13:17): expected: #TagLine, #FeatureLine, #Comment, #Empty, got &#039;&quot;com.siddharthtest.hooks&quot;&#039;
(14:9): expected: #TagLine, #FeatureLine, #Comment, #Empty, got &#039;},&#039;
(15:9): expected: #TagLine, #FeatureLine, #Comment, #Empty, got &#039;plugin = {&#039;" type="io.cucumber.core.gherkin.FeatureParserException">
      <![CDATA[io.cucumber.core.gherkin.FeatureParserException: Failed to parse resource at: file:///C:/Users/hp/Desktop/siddharthTester_HRM-cucumber-testng/src/test/resources/featureFiles/TestRunnerVerifyPassword.feature
(1:1): expected: #EOF, #Language, #TagLine, #FeatureLine, #Comment, #Empty, got 'package com.siddharthtest.runners;'
(3:1): expected: #EOF, #Language, #TagLine, #FeatureLine, #Comment, #Empty, got 'import io.cucumber.testng.AbstractTestNGCucumberTests;'
(4:1): expected: #EOF, #Language, #TagLine, #FeatureLine, #Comment, #Empty, got 'import io.cucumber.testng.CucumberOptions;'
(5:1): expected: #EOF, #Language, #TagLine, #FeatureLine, #Comment, #Empty, got 'import org.testng.annotations.DataProvider;'
(6:1): expected: #EOF, #Language, #TagLine, #FeatureLine, #Comment, #Empty, got 'import org.testng.annotations.Test;'
(10:9): expected: #TagLine, #FeatureLine, #Comment, #Empty, got 'features = "src/test/resources/featureFiles/TestRunnerVerifyPassword.feature",'
(11:9): expected: #TagLine, #FeatureLine, #Comment, #Empty, got 'glue = {'
(12:17): expected: #TagLine, #FeatureLine, #Comment, #Empty, got '"com.siddharthtest.stepDefinitions",'
(13:17): expected: #TagLine, #FeatureLine, #Comment, #Empty, got '"com.siddharthtest.hooks"'
(14:9): expected: #TagLine, #FeatureLine, #Comment, #Empty, got '},'
(15:9): expected: #TagLine, #FeatureLine, #Comment, #Empty, got 'plugin = {'
at io.cucumber.core.gherkin.messages.GherkinMessagesFeatureParser.parse(GherkinMessagesFeatureParser.java:56)
at io.cucumber.core.feature.FeatureParser.parseResource(FeatureParser.java:46)
at java.base/java.util.function.BiFunction.lambda$andThen$0(BiFunction.java:70)
at io.cucumber.core.resource.ResourceScanner.lambda$processResource$1(ResourceScanner.java:79)
at io.cucumber.core.resource.PathScanner$ResourceFileVisitor.visitFile(PathScanner.java:75)
at io.cucumber.core.resource.PathScanner$ResourceFileVisitor.visitFile(PathScanner.java:60)
at java.base/java.nio.file.Files.walkFileTree(Files.java:2811)
at io.cucumber.core.resource.PathScanner.findResourcesForPath(PathScanner.java:53)
at io.cucumber.core.resource.PathScanner.findResourcesForUri(PathScanner.java:31)
at io.cucumber.core.resource.ResourceScanner.findResourcesForUri(ResourceScanner.java:61)
at io.cucumber.core.resource.ResourceScanner.scanForResourcesUri(ResourceScanner.java:134)
at io.cucumber.core.runtime.FeaturePathFeatureSupplier.loadFeatures(FeaturePathFeatureSupplier.java:62)
at io.cucumber.core.runtime.FeaturePathFeatureSupplier.get(FeaturePathFeatureSupplier.java:45)
at io.cucumber.testng.TestNGCucumberRunner.<init>(TestNGCucumberRunner.java:125)
at io.cucumber.testng.AbstractTestNGCucumberTests.setUpClass(AbstractTestNGCucumberTests.java:27)
at java.base/jdk.internal.reflect.NativeMethodAccessorImpl.invoke0(Native Method)
at java.base/jdk.internal.reflect.NativeMethodAccessorImpl.invoke(NativeMethodAccessorImpl.java:77)
at java.base/jdk.internal.reflect.DelegatingMethodAccessorImpl.invoke(DelegatingMethodAccessorImpl.java:43)
at java.base/java.lang.reflect.Method.invoke(Method.java:569)
at org.testng.internal.invokers.MethodInvocationHelper.invokeMethod(MethodInvocationHelper.java:141)
at org.testng.internal.invokers.MethodInvocationHelper.invokeMethodConsideringTimeout(MethodInvocationHelper.java:71)
at org.testng.internal.invokers.ConfigInvoker.invokeConfigurationMethod(ConfigInvoker.java:400)
at org.testng.internal.invokers.ConfigInvoker.invokeConfigurations(ConfigInvoker.java:333)
at org.testng.internal.invokers.TestMethodWorker.invokeBeforeClassMethods(TestMethodWorker.java:188)
at org.testng.internal.invokers.TestMethodWorker.run(TestMethodWorker.java:128)
at java.base/java.util.ArrayList.forEach(ArrayList.java:1511)
at org.testng.TestRunner.privateRun(TestRunner.java:741)
at org.testng.TestRunner.run(TestRunner.java:616)
at org.testng.SuiteRunner.runTest(SuiteRunner.java:421)
at org.testng.SuiteRunner.runSequentially(SuiteRunner.java:413)
at org.testng.SuiteRunner.privateRun(SuiteRunner.java:373)
at org.testng.SuiteRunner.run(SuiteRunner.java:312)
at org.testng.SuiteRunnerWorker.runSuite(SuiteRunnerWorker.java:52)
at org.testng.SuiteRunnerWorker.run(SuiteRunnerWorker.java:95)
at org.testng.TestNG.runSuitesSequentially(TestNG.java:1274)
at org.testng.TestNG.runSuitesLocally(TestNG.java:1208)
at org.testng.TestNG.runSuites(TestNG.java:1112)
at org.testng.TestNG.run(TestNG.java:1079)
at org.testng.remote.AbstractRemoteTestNG.run(AbstractRemoteTestNG.java:115)
at org.testng.remote.RemoteTestNG.initAndRun(RemoteTestNG.java:293)
at org.testng.remote.RemoteTestNG.main(RemoteTestNG.java:91)
]]>
    </error>
  </testcase> <!-- setUpClass -->
</testsuite> <!-- com.siddharthtest.runners.TestRunnerAllFeatureByTag -->
