<?xml version="1.0" encoding="UTF-8"?>
<!-- Generated by org.testng.reporters.JUnitReportReporter -->
<testsuite hostname="DESKTOP-7P2HJVH" failures="2" tests="3" name="com.anhtester.runners.TestRunnerDashboardHRM" time="58.147" errors="0" timestamp="2025-06-15T01:17:26 PDT" skipped="0">
  <testcase classname="com.anhtester.runners.TestRunnerDashboardHRM" name="runScenario" time="29.649">
    <failure message="❌ The element is NOT visible. By.xpath: //span[normalize-space()=&#039;Home&#039;]" type="java.lang.AssertionError">
      <![CDATA[java.lang.AssertionError: ❌ The element is NOT visible. By.xpath: //span[normalize-space()='Home']
at org.testng.Assert.fail(Assert.java:111)
at com.anhtester.keywords.WebUI.verifyElementVisible(WebUI.java:2037)
at com.anhtester.projects.website.crm.stepdefinitions.DashboardSteps.userNavigateToDashboard(DashboardSteps.java:29)
at ✽.User navigate to dashboard(file:///C:/Users/hp/Desktop/AutomationFrameworkCucumberTestNG/src/test/resources/features/Dashboard.feature:8)
]]>
    </failure>
  </testcase> <!-- runScenario -->
  <testcase classname="com.anhtester.runners.TestRunnerDashboardHRM" name="runScenario" time="28.489">
    <failure message="❌ The element is NOT visible. By.xpath: //span[normalize-space()=&#039;Home&#039;]" type="java.lang.AssertionError">
      <![CDATA[java.lang.AssertionError: ❌ The element is NOT visible. By.xpath: //span[normalize-space()='Home']
at org.testng.Assert.fail(Assert.java:111)
at com.anhtester.keywords.WebUI.verifyElementVisible(WebUI.java:2037)
at com.anhtester.projects.website.crm.stepdefinitions.DashboardSteps.userNavigateToDashboard(DashboardSteps.java:29)
at ✽.User navigate to dashboard(file:///C:/Users/hp/Desktop/AutomationFrameworkCucumberTestNG/src/test/resources/features/Dashboard.feature:8)
]]>
    </failure>
  </testcase> <!-- runScenario -->
  <testcase classname="com.anhtester.runners.TestRunnerDashboardHRM" name="scenarios" time="0.009"/>
</testsuite> <!-- com.anhtester.runners.TestRunnerDashboardHRM -->
